<?xml version="1.0" encoding="UTF-8"?>
<testng-results ignored="0" total="1" passed="1" failed="0" skipped="0">
  <reporter-output>
    <line>
      <![CDATA[openBrowser]]>
    </line>
    <line>
      <![CDATA[login]]>
    </line>
    <line>
      <![CDATA[CreateCustomer]]>
    </line>
    <line>
      <![CDATA[logOut]]>
    </line>
    <line>
      <![CDATA[closeBrowser]]>
    </line>
  </reporter-output>
  <suite started-at="2023-08-05T00:54:27 IST" name="Default suite" finished-at="2023-08-05T00:55:19 IST" duration-ms="51972">
    <groups>
    </groups>
    <test started-at="2023-08-05T00:54:27 IST" name="Default test" finished-at="2023-08-05T00:55:19 IST" duration-ms="51972">
      <class name="com.actitime.testscript.CustomerModule">
        <test-method is-config="true" signature="openBrowser()[pri:0, instance:com.actitime.testscript.CustomerModule@3b0090a4]" started-at="2023-08-05T00:54:27 IST" name="openBrowser" finished-at="2023-08-05T00:54:43 IST" duration-ms="15720" status="PASS">
          <reporter-output>
            <line>
              <![CDATA[openBrowser]]>
            </line>
          </reporter-output>
        </test-method> <!-- openBrowser -->
        <test-method is-config="true" signature="login()[pri:0, instance:com.actitime.testscript.CustomerModule@3b0090a4]" started-at="2023-08-05T00:54:43 IST" name="login" finished-at="2023-08-05T00:54:51 IST" duration-ms="7902" status="PASS">
          <reporter-output>
            <line>
              <![CDATA[login]]>
            </line>
          </reporter-output>
        </test-method> <!-- login -->
        <test-method signature="testCreateCustomer()[pri:0, instance:com.actitime.testscript.CustomerModule@3b0090a4]" started-at="2023-08-05T00:54:51 IST" name="testCreateCustomer" finished-at="2023-08-05T00:55:17 IST" duration-ms="26253" status="PASS">
          <reporter-output>
            <line>
              <![CDATA[CreateCustomer]]>
            </line>
          </reporter-output>
        </test-method> <!-- testCreateCustomer -->
        <test-method is-config="true" signature="logOut()[pri:0, instance:com.actitime.testscript.CustomerModule@3b0090a4]" started-at="2023-08-05T00:55:17 IST" name="logOut" finished-at="2023-08-05T00:55:17 IST" duration-ms="665" status="PASS">
          <reporter-output>
            <line>
              <![CDATA[logOut]]>
            </line>
          </reporter-output>
        </test-method> <!-- logOut -->
        <test-method is-config="true" signature="closeBrowser()[pri:0, instance:com.actitime.testscript.CustomerModule@3b0090a4]" started-at="2023-08-05T00:55:17 IST" name="closeBrowser" finished-at="2023-08-05T00:55:19 IST" duration-ms="1346" status="PASS">
          <reporter-output>
            <line>
              <![CDATA[closeBrowser]]>
            </line>
          </reporter-output>
        </test-method> <!-- closeBrowser -->
      </class> <!-- com.actitime.testscript.CustomerModule -->
    </test> <!-- Default test -->
  </suite> <!-- Default suite -->
</testng-results>
